<?xml version="1.0" encoding="UTF-8"?>
<!-- Generated by org.testng.reporters.JUnitReportReporter -->
<testsuite name="com.abc.tests.NewsTests" tests="6" time="60.194" ignored="0" failures="1" timestamp="17 Feb 2017 04:19:48 GMT" skipped="0" hostname="LAPTOP-6FVDA6L8" errors="0">
  <testcase name="verifyImageLoad" time="11.916" classname="com.abc.tests.NewsTests"/>
  <testcase name="verifyVedioLoadedSuccessfully" time="10.182" classname="com.abc.tests.NewsTests"/>
  <testcase name="verifyContentPerArticle" time="9.666" classname="com.abc.tests.NewsTests">
    <failure type="java.lang.AssertionError" message="Missing information - Title/Author/TimeStamp/Text for article(s)">
      <![CDATA[java.lang.AssertionError: Missing information - Title/Author/TimeStamp/Text for article(s)
	at org.testng.Assert.fail(Assert.java:94)
	at com.abc.tests.NewsTests.verifyContentPerArticle(NewsTests.java:85)
	at sun.reflect.NativeMethodAccessorImpl.invoke0(Native Method)
	at sun.reflect.NativeMethodAccessorImpl.invoke(Unknown Source)
	at sun.reflect.DelegatingMethodAccessorImpl.invoke(Unknown Source)
	at java.lang.reflect.Method.invoke(Unknown Source)
	at org.testng.internal.MethodInvocationHelper.invokeMethod(MethodInvocationHelper.java:104)
	at org.testng.internal.Invoker.invokeMethod(Invoker.java:645)
	at org.testng.internal.Invoker.invokeTestMethod(Invoker.java:851)
	at org.testng.internal.Invoker.invokeTestMethods(Invoker.java:1177)
	at org.testng.internal.TestMethodWorker.invokeTestMethods(TestMethodWorker.java:129)
	at org.testng.internal.TestMethodWorker.run(TestMethodWorker.java:112)
	at org.testng.TestRunner.privateRun(TestRunner.java:756)
	at org.testng.TestRunner.run(TestRunner.java:610)
	at org.testng.SuiteRunner.runTest(SuiteRunner.java:387)
	at org.testng.SuiteRunner.runSequentially(SuiteRunner.java:382)
	at org.testng.SuiteRunner.privateRun(SuiteRunner.java:340)
	at org.testng.SuiteRunner.run(SuiteRunner.java:289)
	at org.testng.SuiteRunnerWorker.runSuite(SuiteRunnerWorker.java:52)
	at org.testng.SuiteRunnerWorker.run(SuiteRunnerWorker.java:86)
	at org.testng.TestNG.runSuitesSequentially(TestNG.java:1293)
	at org.testng.TestNG.runSuitesLocally(TestNG.java:1218)
	at org.testng.TestNG.runSuites(TestNG.java:1133)
	at org.testng.TestNG.run(TestNG.java:1104)
	at org.testng.remote.AbstractRemoteTestNG.run(AbstractRemoteTestNG.java:132)
	at org.testng.remote.RemoteTestNG.initAndRun(RemoteTestNG.java:236)
	at org.testng.remote.RemoteTestNG.main(RemoteTestNG.java:81)
]]>
    </failure>
  </testcase> <!-- verifyContentPerArticle -->
  <testcase name="verifyLinkNavigation" time="9.037" classname="com.abc.tests.NewsTests"/>
  <testcase name="checkHomePageLoadCompleted" time="10.294" classname="com.abc.tests.NewsTests"/>
  <testcase name="checkNewsBannerLoaded" time="9.099" classname="com.abc.tests.NewsTests"/>
</testsuite> <!-- com.abc.tests.NewsTests -->
