<html>
<head>
<title>TestNG:  Test</title>
<link href="../testng.css" rel="stylesheet" type="text/css" />
<link href="../my-testng.css" rel="stylesheet" type="text/css" />

<style type="text/css">
.log { display: none;} 
.stack-trace { display: none;} 
</style>
<script type="text/javascript">
<!--
function flip(e) {
  current = e.style.display;
  if (current == 'block') {
    e.style.display = 'none';
    return 0;
  }
  else {
    e.style.display = 'block';
    return 1;
  }
}

function toggleBox(szDivId, elem, msg1, msg2)
{
  var res = -1;  if (document.getElementById) {
    res = flip(document.getElementById(szDivId));
  }
  else if (document.all) {
    // this is the way old msie versions work
    res = flip(document.all[szDivId]);
  }
  if(elem) {
    if(res == 0) elem.innerHTML = msg1; else elem.innerHTML = msg2;
  }

}

function toggleAllBoxes() {
  if (document.getElementsByTagName) {
    d = document.getElementsByTagName('div');
    for (i = 0; i < d.length; i++) {
      if (d[i].className == 'log') {
        flip(d[i]);
      }
    }
  }
}

// -->
</script>

</head>
<body>
<h2 align='center'>Test</h2><table border='1' align="center">
<tr>
<td>Tests passed/Failed/Skipped:</td><td>12/2/0</td>
</tr><tr>
<td>Started on:</td><td>Fri Feb 17 15:17:18 AEDT 2017</td>
</tr>
<tr><td>Total time:</td><td>150 seconds (150331 ms)</td>
</tr><tr>
<td>Included groups:</td><td></td>
</tr><tr>
<td>Excluded groups:</td><td></td>
</tr>
</table><p/>
<small><i>(Hover the method name to see the test class name)</i></small><p/>
<table width='100%' border='1' class='invocation-failed'>
<tr><td colspan='4' align='center'><b>FAILED TESTS</b></td></tr>
<tr><td><b>Test method</b></td>
<td width="30%"><b>Exception</b></td>
<td width="10%"><b>Time (seconds)</b></td>
<td><b>Instance</b></td>
</tr>
<tr>
<td title='com.abc.tests.NewsTests.verifyContentPerArticle()'><b>verifyContentPerArticle</b><br>Test class: com.abc.tests.NewsTests<br/>
<a href="#Output-2049051802" onClick='toggleBox("Output-2049051802", this, "Show output", "Hide output");'>Show output</a>

<a href="#Output-2049051802" onClick="toggleAllBoxes();">Show all outputs</a>
<div class='log' id="Output-2049051802">
Follwoing articles have missing information!<br/>
Author missing for article "'This drug will kill you': Lethal carfentanyl found at Brisbane mail centre"<br/>
Author missing for article "Man jailed for 12 years for sex attacks in Perth, Albany in 1990s"<br/>
Author missing for article "Tigers cancel Simona's registration for alleged betting on NRL matches"<br/>
Author missing for article "Fast-moving grassfire threatens homes near Queanbeyan"<br/>
Author missing for article "Woman charged with murder of missing Mornington Peninsula mother"<br/>
Author missing for article "Perth doctor banned over 'sexualised behaviour' towards patient"<br/>
Author missing for article "Trump's choice for national security adviser rejects offer"<br/>
Author missing for article "France says US position on Middle East peace 'confused and worrying'"<br/>
Author missing for article "'Poisonous gas' in water tank where three bodies found"<br/>
</div>
</td>
<td><div><pre>java.lang.AssertionError: Missing information - Title/Author/TimeStamp/Text for article(s)
	at com.abc.tests.NewsTests.verifyContentPerArticle(NewsTests.java:85)
... Removed 26 stack frames</pre></div><a href='#' onClick='toggleBox("stack-trace2049051802", this, "Click to show all stack frames", "Click to hide stack frames")'>Click to show all stack frames</a>
<div class='stack-trace' id='stack-trace2049051802'><pre>java.lang.AssertionError: Missing information - Title/Author/TimeStamp/Text for article(s)
	at org.testng.Assert.fail(Assert.java:94)
	at com.abc.tests.NewsTests.verifyContentPerArticle(NewsTests.java:85)
	at sun.reflect.NativeMethodAccessorImpl.invoke0(Native Method)
	at sun.reflect.NativeMethodAccessorImpl.invoke(Unknown Source)
	at sun.reflect.DelegatingMethodAccessorImpl.invoke(Unknown Source)
	at java.lang.reflect.Method.invoke(Unknown Source)
	at org.testng.internal.MethodInvocationHelper.invokeMethod(MethodInvocationHelper.java:104)
	at org.testng.internal.Invoker.invokeMethod(Invoker.java:645)
	at org.testng.internal.Invoker.invokeTestMethod(Invoker.java:851)
	at org.testng.internal.Invoker.invokeTestMethods(Invoker.java:1177)
	at org.testng.internal.TestMethodWorker.invokeTestMethods(TestMethodWorker.java:129)
	at org.testng.internal.TestMethodWorker.run(TestMethodWorker.java:112)
	at org.testng.TestRunner.privateRun(TestRunner.java:756)
	at org.testng.TestRunner.run(TestRunner.java:610)
	at org.testng.SuiteRunner.runTest(SuiteRunner.java:387)
	at org.testng.SuiteRunner.runSequentially(SuiteRunner.java:382)
	at org.testng.SuiteRunner.privateRun(SuiteRunner.java:340)
	at org.testng.SuiteRunner.run(SuiteRunner.java:289)
	at org.testng.SuiteRunnerWorker.runSuite(SuiteRunnerWorker.java:52)
	at org.testng.SuiteRunnerWorker.run(SuiteRunnerWorker.java:86)
	at org.testng.TestNG.runSuitesSequentially(TestNG.java:1293)
	at org.testng.TestNG.runSuitesLocally(TestNG.java:1218)
	at org.testng.TestNG.runSuites(TestNG.java:1133)
	at org.testng.TestNG.run(TestNG.java:1104)
	at org.testng.remote.AbstractRemoteTestNG.run(AbstractRemoteTestNG.java:132)
	at org.testng.remote.RemoteTestNG.initAndRun(RemoteTestNG.java:236)
	at org.testng.remote.RemoteTestNG.main(RemoteTestNG.java:81)
</pre></div></td>
<td>4</td>
<td>com.abc.tests.NewsTests@1a968a59</td></tr>
<tr>
<td title='com.abc.tests.RadioTests.verifyUrlOnClickingListenNow()'><b>verifyUrlOnClickingListenNow</b><br>Test class: com.abc.tests.RadioTests</td>
<td><div><pre>org.openqa.selenium.WebDriverException: documet is not defined
Command duration or timeout: 162 milliseconds
Build info: version: &apos;2.53.1&apos;, revision: &apos;a36b8b1cd5757287168e54b817830adce9b0158d&apos;, time: &apos;2016-06-30 19:26:09&apos;
System info: host: &apos;LAPTOP-6FVDA6L8&apos;, ip: &apos;192.168.1.105&apos;, os.name: &apos;Windows 10&apos;, os.arch: &apos;amd64&apos;, os.version: &apos;10.0&apos;, java.version: &apos;1.8.0_112&apos;
Driver info: org.openqa.selenium.firefox.FirefoxDriver
Capabilities [{applicationCacheEnabled=true, rotatable=false, handlesAlerts=true, databaseEnabled=true, version=45.7.0, platform=WINDOWS, nativeEvents=false, acceptSslCerts=true, webStorageEnabled=true, locationContextEnabled=true, browserName=firefox, takesScreenshot=true, javascriptEnabled=true, cssSelectorsEnabled=true}]
Session ID: 67bfc25f-234c-4e29-b300-e53003c3d032
	at org.openqa.selenium.remote.ErrorHandler.createThrowable(ErrorHandler.java:206)
	at org.openqa.selenium.remote.ErrorHandler.throwIfResponseFailed(ErrorHandler.java:158)
	at org.openqa.selenium.remote.RemoteWebDriver.execute(RemoteWebDriver.java:678)
	at org.openqa.selenium.remote.RemoteWebDriver.executeScript(RemoteWebDriver.java:577)
	at com.abc.tests.RadioTests.verifyUrlOnClickingListenNow(RadioTests.java:120)
Caused by: org.openqa.selenium.WebDriverException: documet is not defined
Build info: version: &apos;2.53.1&apos;, revision: &apos;a36b8b1cd5757287168e54b817830adce9b0158d&apos;, time: &apos;2016-06-30 19:26:09&apos;
System info: host: &apos;LAPTOP-6FVDA6L8&apos;, ip: &apos;192.168.1.105&apos;, os.name: &apos;Windows 10&apos;, os.arch: &apos;amd64&apos;, os.version: &apos;10.0&apos;, java.version: &apos;1.8.0_112&apos;
Driver info: driver.version: unknown
	at &lt;anonymous class&gt;.anonymous(http://www.abc.net.au/radionational/programs/bigideas/a-fortunate-universe/8076406 line 69 &gt; Function:1)
	at &lt;anonymous class&gt;.handleEvaluateEvent(http://www.abc.net.au/radionational/programs/bigideas/a-fortunate-universe/8076406:69)
... Removed 29 stack frames</pre></div><a href='#' onClick='toggleBox("stack-trace816798571", this, "Click to show all stack frames", "Click to hide stack frames")'>Click to show all stack frames</a>
<div class='stack-trace' id='stack-trace816798571'><pre>org.openqa.selenium.WebDriverException: documet is not defined
Command duration or timeout: 162 milliseconds
Build info: version: &apos;2.53.1&apos;, revision: &apos;a36b8b1cd5757287168e54b817830adce9b0158d&apos;, time: &apos;2016-06-30 19:26:09&apos;
System info: host: &apos;LAPTOP-6FVDA6L8&apos;, ip: &apos;192.168.1.105&apos;, os.name: &apos;Windows 10&apos;, os.arch: &apos;amd64&apos;, os.version: &apos;10.0&apos;, java.version: &apos;1.8.0_112&apos;
Driver info: org.openqa.selenium.firefox.FirefoxDriver
Capabilities [{applicationCacheEnabled=true, rotatable=false, handlesAlerts=true, databaseEnabled=true, version=45.7.0, platform=WINDOWS, nativeEvents=false, acceptSslCerts=true, webStorageEnabled=true, locationContextEnabled=true, browserName=firefox, takesScreenshot=true, javascriptEnabled=true, cssSelectorsEnabled=true}]
Session ID: 67bfc25f-234c-4e29-b300-e53003c3d032
	at sun.reflect.NativeConstructorAccessorImpl.newInstance0(Native Method)
	at sun.reflect.NativeConstructorAccessorImpl.newInstance(Unknown Source)
	at sun.reflect.DelegatingConstructorAccessorImpl.newInstance(Unknown Source)
	at java.lang.reflect.Constructor.newInstance(Unknown Source)
	at org.openqa.selenium.remote.ErrorHandler.createThrowable(ErrorHandler.java:206)
	at org.openqa.selenium.remote.ErrorHandler.throwIfResponseFailed(ErrorHandler.java:158)
	at org.openqa.selenium.remote.RemoteWebDriver.execute(RemoteWebDriver.java:678)
	at org.openqa.selenium.remote.RemoteWebDriver.executeScript(RemoteWebDriver.java:577)
	at com.abc.tests.RadioTests.verifyUrlOnClickingListenNow(RadioTests.java:120)
	at sun.reflect.NativeMethodAccessorImpl.invoke0(Native Method)
	at sun.reflect.NativeMethodAccessorImpl.invoke(Unknown Source)
	at sun.reflect.DelegatingMethodAccessorImpl.invoke(Unknown Source)
	at java.lang.reflect.Method.invoke(Unknown Source)
	at org.testng.internal.MethodInvocationHelper.invokeMethod(MethodInvocationHelper.java:104)
	at org.testng.internal.Invoker.invokeMethod(Invoker.java:645)
	at org.testng.internal.Invoker.invokeTestMethod(Invoker.java:851)
	at org.testng.internal.Invoker.invokeTestMethods(Invoker.java:1177)
	at org.testng.internal.TestMethodWorker.invokeTestMethods(TestMethodWorker.java:129)
	at org.testng.internal.TestMethodWorker.run(TestMethodWorker.java:112)
	at org.testng.TestRunner.privateRun(TestRunner.java:756)
	at org.testng.TestRunner.run(TestRunner.java:610)
	at org.testng.SuiteRunner.runTest(SuiteRunner.java:387)
	at org.testng.SuiteRunner.runSequentially(SuiteRunner.java:382)
	at org.testng.SuiteRunner.privateRun(SuiteRunner.java:340)
	at org.testng.SuiteRunner.run(SuiteRunner.java:289)
	at org.testng.SuiteRunnerWorker.runSuite(SuiteRunnerWorker.java:52)
	at org.testng.SuiteRunnerWorker.run(SuiteRunnerWorker.java:86)
	at org.testng.TestNG.runSuitesSequentially(TestNG.java:1293)
	at org.testng.TestNG.runSuitesLocally(TestNG.java:1218)
	at org.testng.TestNG.runSuites(TestNG.java:1133)
	at org.testng.TestNG.run(TestNG.java:1104)
	at org.testng.remote.AbstractRemoteTestNG.run(AbstractRemoteTestNG.java:132)
	at org.testng.remote.RemoteTestNG.initAndRun(RemoteTestNG.java:236)
	at org.testng.remote.RemoteTestNG.main(RemoteTestNG.java:81)
Caused by: org.openqa.selenium.WebDriverException: documet is not defined
Build info: version: &apos;2.53.1&apos;, revision: &apos;a36b8b1cd5757287168e54b817830adce9b0158d&apos;, time: &apos;2016-06-30 19:26:09&apos;
System info: host: &apos;LAPTOP-6FVDA6L8&apos;, ip: &apos;192.168.1.105&apos;, os.name: &apos;Windows 10&apos;, os.arch: &apos;amd64&apos;, os.version: &apos;10.0&apos;, java.version: &apos;1.8.0_112&apos;
Driver info: driver.version: unknown
	at &lt;anonymous class&gt;.anonymous(http://www.abc.net.au/radionational/programs/bigideas/a-fortunate-universe/8076406 line 69 &gt; Function:1)
	at &lt;anonymous class&gt;.handleEvaluateEvent(http://www.abc.net.au/radionational/programs/bigideas/a-fortunate-universe/8076406:69)
</pre></div></td>
<td>2</td>
<td>com.abc.tests.RadioTests@4667ae56</td></tr>
</table><p>
<table width='100%' border='1' class='invocation-passed'>
<tr><td colspan='4' align='center'><b>PASSED TESTS</b></td></tr>
<tr><td><b>Test method</b></td>
<td width="30%"><b>Exception</b></td>
<td width="10%"><b>Time (seconds)</b></td>
<td><b>Instance</b></td>
</tr>
<tr>
<td title='com.abc.tests.NewsTests.checkHomePageLoadCompleted()'><b>checkHomePageLoadCompleted</b><br>Test class: com.abc.tests.NewsTests</td>
<td></td>
<td>4</td>
<td>com.abc.tests.NewsTests@1a968a59</td></tr>
<tr>
<td title='com.abc.tests.NewsTests.checkNewsBannerLoaded()'><b>checkNewsBannerLoaded</b><br>Test class: com.abc.tests.NewsTests</td>
<td></td>
<td>2</td>
<td>com.abc.tests.NewsTests@1a968a59</td></tr>
<tr>
<td title='com.abc.tests.RadioTests.searchContentInSearcgBar()'><b>searchContentInSearcgBar</b><br>Test class: com.abc.tests.RadioTests<br>Parameters: sample program</td>
<td></td>
<td>13</td>
<td>com.abc.tests.RadioTests@4667ae56</td></tr>
<tr>
<td title='com.abc.tests.RadioTests.selectLastProgramFromProgramGuide()'><b>selectLastProgramFromProgramGuide</b><br>Test class: com.abc.tests.RadioTests</td>
<td></td>
<td>4</td>
<td>com.abc.tests.RadioTests@4667ae56</td></tr>
<tr>
<td title='com.abc.tests.RadioTests.verifyAudioLoadedSuccessfully()'><b>verifyAudioLoadedSuccessfully</b><br>Test class: com.abc.tests.RadioTests</td>
<td></td>
<td>6</td>
<td>com.abc.tests.RadioTests@4667ae56</td></tr>
<tr>
<td title='com.abc.tests.RadioTests.verifyDownloadClickPayAudio()'><b>verifyDownloadClickPayAudio</b><br>Test class: com.abc.tests.RadioTests</td>
<td></td>
<td>3</td>
<td>com.abc.tests.RadioTests@4667ae56</td></tr>
<tr>
<td title='com.abc.tests.NewsTests.verifyImageLoad()'><b>verifyImageLoad</b><br>Test class: com.abc.tests.NewsTests</td>
<td></td>
<td>5</td>
<td>com.abc.tests.NewsTests@1a968a59</td></tr>
<tr>
<td title='com.abc.tests.JsonTest.verifyJsonOutput()'><b>verifyJsonOutput</b><br>Test class: com.abc.tests.JsonTest</td>
<td></td>
<td>0</td>
<td>com.abc.tests.JsonTest@77cd7a0</td></tr>
<tr>
<td title='com.abc.tests.NewsTests.verifyLinkNavigation()'><b>verifyLinkNavigation</b><br>Test class: com.abc.tests.NewsTests</td>
<td></td>
<td>2</td>
<td>com.abc.tests.NewsTests@1a968a59</td></tr>
<tr>
<td title='com.abc.tests.RadioTests.verifyRadioProgramSubMenuNavigation()'><b>verifyRadioProgramSubMenuNavigation</b><br>Test class: com.abc.tests.RadioTests<br>Parameters: Spark</td>
<td></td>
<td>7</td>
<td>com.abc.tests.RadioTests@4667ae56</td></tr>
<tr>
<td title='com.abc.tests.RadioTests.verifySocialMediaButtons()'><b>verifySocialMediaButtons</b><br>Test class: com.abc.tests.RadioTests</td>
<td></td>
<td>3</td>
<td>com.abc.tests.RadioTests@4667ae56</td></tr>
<tr>
<td title='com.abc.tests.NewsTests.verifyVedioLoadedSuccessfully()'><b>verifyVedioLoadedSuccessfully</b><br>Test class: com.abc.tests.NewsTests</td>
<td></td>
<td>4</td>
<td>com.abc.tests.NewsTests@1a968a59</td></tr>
</table><p>
</body>
</html>