<?xml version="1.0" encoding="UTF-8"?>
<!-- Generated by org.testng.reporters.JUnitXMLReporter -->
<testsuite hostname="LAPTOP-6FVDA6L8" ignored="0" name="Test" tests="14" failures="2" timestamp="17 Feb 2017 04:19:48 GMT" time="150.331" errors="0">
  <testcase name="checkHomePageLoadCompleted" time="4.131" classname="com.abc.tests.NewsTests"/>
  <testcase name="checkNewsBannerLoaded" time="2.709" classname="com.abc.tests.NewsTests"/>
  <testcase name="verifyContentPerArticle" time="4.121" classname="com.abc.tests.NewsTests">
    <failure type="java.lang.AssertionError" message="Missing information - Title/Author/TimeStamp/Text for article(s)">
      <![CDATA[java.lang.AssertionError: Missing information - Title/Author/TimeStamp/Text for article(s)
	at com.abc.tests.NewsTests.verifyContentPerArticle(NewsTests.java:85)
... Removed 26 stack frames]]>
    </failure>
  </testcase> <!-- verifyContentPerArticle -->
  <testcase name="verifyImageLoad" time="5.036" classname="com.abc.tests.NewsTests"/>
  <testcase name="verifyLinkNavigation" time="2.91" classname="com.abc.tests.NewsTests"/>
  <testcase name="verifyVedioLoadedSuccessfully" time="4.027" classname="com.abc.tests.NewsTests"/>
  <testcase name="searchContentInSearcgBar" time="13.64" classname="com.abc.tests.RadioTests"/>
  <testcase name="selectLastProgramFromProgramGuide" time="4.34" classname="com.abc.tests.RadioTests"/>
  <testcase name="verifyAudioLoadedSuccessfully" time="6.332" classname="com.abc.tests.RadioTests"/>
  <testcase name="verifyDownloadClickPayAudio" time="3.966" classname="com.abc.tests.RadioTests"/>
  <testcase name="verifyRadioProgramSubMenuNavigation" time="7.684" classname="com.abc.tests.RadioTests"/>
  <testcase name="verifySocialMediaButtons" time="3.465" classname="com.abc.tests.RadioTests"/>
  <testcase name="verifyUrlOnClickingListenNow" time="2.86" classname="com.abc.tests.RadioTests">
    <failure type="org.openqa.selenium.WebDriverException" message="documet is not defined
Command duration or timeout: 162 milliseconds
Build info: version: &amp;apos;2.53.1&amp;apos;, revision: &amp;apos;a36b8b1cd5757287168e54b817830adce9b0158d&amp;apos;, time: &amp;apos;2016-06-30 19:26:09&amp;apos;
System info: host: &amp;apos;LAPTOP-6FVDA6L8&amp;apos;, ip: &amp;apos;192.168.1.105&amp;apos;, os.name: &amp;apos;Windows 10&amp;apos;, os.arch: &amp;apos;amd64&amp;apos;, os.version: &amp;apos;10.0&amp;apos;, java.version: &amp;apos;1.8.0_112&amp;apos;
Driver info: org.openqa.selenium.firefox.FirefoxDriver
Capabilities [{applicationCacheEnabled=true, rotatable=false, handlesAlerts=true, databaseEnabled=true, version=45.7.0, platform=WINDOWS, nativeEvents=false, acceptSslCerts=true, webStorageEnabled=true, locationContextEnabled=true, browserName=firefox, takesScreenshot=true, javascriptEnabled=true, cssSelectorsEnabled=true}]
Session ID: 67bfc25f-234c-4e29-b300-e53003c3d032">
      <![CDATA[org.openqa.selenium.WebDriverException: documet is not defined
Command duration or timeout: 162 milliseconds
Build info: version: '2.53.1', revision: 'a36b8b1cd5757287168e54b817830adce9b0158d', time: '2016-06-30 19:26:09'
System info: host: 'LAPTOP-6FVDA6L8', ip: '192.168.1.105', os.name: 'Windows 10', os.arch: 'amd64', os.version: '10.0', java.version: '1.8.0_112'
Driver info: org.openqa.selenium.firefox.FirefoxDriver
Capabilities [{applicationCacheEnabled=true, rotatable=false, handlesAlerts=true, databaseEnabled=true, version=45.7.0, platform=WINDOWS, nativeEvents=false, acceptSslCerts=true, webStorageEnabled=true, locationContextEnabled=true, browserName=firefox, takesScreenshot=true, javascriptEnabled=true, cssSelectorsEnabled=true}]
Session ID: 67bfc25f-234c-4e29-b300-e53003c3d032
	at org.openqa.selenium.remote.ErrorHandler.createThrowable(ErrorHandler.java:206)
	at org.openqa.selenium.remote.ErrorHandler.throwIfResponseFailed(ErrorHandler.java:158)
	at org.openqa.selenium.remote.RemoteWebDriver.execute(RemoteWebDriver.java:678)
	at org.openqa.selenium.remote.RemoteWebDriver.executeScript(RemoteWebDriver.java:577)
	at com.abc.tests.RadioTests.verifyUrlOnClickingListenNow(RadioTests.java:120)
Caused by: org.openqa.selenium.WebDriverException: documet is not defined
Build info: version: '2.53.1', revision: 'a36b8b1cd5757287168e54b817830adce9b0158d', time: '2016-06-30 19:26:09'
System info: host: 'LAPTOP-6FVDA6L8', ip: '192.168.1.105', os.name: 'Windows 10', os.arch: 'amd64', os.version: '10.0', java.version: '1.8.0_112'
Driver info: driver.version: unknown
	at <anonymous class>.anonymous(http://www.abc.net.au/radionational/programs/bigideas/a-fortunate-universe/8076406 line 69 > Function:1)
	at <anonymous class>.handleEvaluateEvent(http://www.abc.net.au/radionational/programs/bigideas/a-fortunate-universe/8076406:69)
... Removed 29 stack frames]]>
    </failure>
  </testcase> <!-- verifyUrlOnClickingListenNow -->
  <testcase name="verifyJsonOutput" time="0.409" classname="com.abc.tests.JsonTest"/>
</testsuite> <!-- Test -->
